<?xml version="1.0" encoding="UTF-8"?>
<testsuite name="com.example.helloworld.HelloWorldApplicationTests" tests="1" skipped="0" failures="0" errors="0" timestamp="2025-08-31T18:04:23.906Z" hostname="debian" time="0.606">
  <properties/>
  <testcase name="contextLoads()" classname="com.example.helloworld.HelloWorldApplicationTests" time="0.606"/>
  <system-out><![CDATA[23:34:22.428 [Test worker] INFO org.springframework.test.context.support.AnnotationConfigContextLoaderUtils -- Could not detect default configuration classes for test class [com.example.helloworld.HelloWorldApplicationTests]: HelloWorldApplicationTests does not declare any static, non-private, non-final, nested classes annotated with @Configuration.
23:34:22.539 [Test worker] INFO org.springframework.boot.test.context.SpringBootTestContextBootstrapper -- Found @SpringBootConfiguration com.example.helloworld.HelloWorldApplication for test class com.example.helloworld.HelloWorldApplicationTests

  .   ____          _            __ _ _
 /\\ / ___'_ __ _ _(_)_ __  __ _ \ \ \ \
( ( )\___ | '_ | '_| | '_ \/ _` | \ \ \ \
 \\/  ___)| |_)| | | | | || (_| |  ) ) ) )
  '  |____| .__|_| |_|_| |_\__, | / / / /
 =========|_|==============|___/=/_/_/_/

 :: Spring Boot ::                (v3.5.5)

2025-08-31T23:34:22.944+05:30  INFO 24663 --- [demo] [    Test worker] c.e.h.HelloWorldApplicationTests         : Starting HelloWorldApplicationTests using Java 21.0.8 with PID 24663 (started by suryatk in /home/suryatk/java/hello-world)
2025-08-31T23:34:22.945+05:30  INFO 24663 --- [demo] [    Test worker] c.e.h.HelloWorldApplicationTests         : No active profile set, falling back to 1 default profile: "default"
2025-08-31T23:34:23.892+05:30  INFO 24663 --- [demo] [    Test worker] c.e.h.HelloWorldApplicationTests         : Started HelloWorldApplicationTests in 1.202 seconds (process running for 2.174)
]]></system-out>
  <system-err><![CDATA[Mockito is currently self-attaching to enable the inline-mock-maker. This will no longer work in future releases of the JDK. Please add Mockito as an agent to your build as described in Mockito's documentation: https://javadoc.io/doc/org.mockito/mockito-core/latest/org.mockito/org/mockito/Mockito.html#0.3
WARNING: A Java agent has been loaded dynamically (/home/suryatk/.gradle/caches/modules-2/files-2.1/net.bytebuddy/byte-buddy-agent/1.17.7/fbf3d6d649ed37fc9e9c59480a05be0a26e3c2da/byte-buddy-agent-1.17.7.jar)
WARNING: If a serviceability tool is in use, please run with -XX:+EnableDynamicAgentLoading to hide this warning
WARNING: If a serviceability tool is not in use, please run with -Djdk.instrument.traceUsage for more information
WARNING: Dynamic loading of agents will be disallowed by default in a future release
]]></system-err>
</testsuite>
